# JRE version: Java(TM) SE Runtime Environment (8.0_231-b11) (build 1.8.0_231-b11)
# Java VM: Java HotSpot(TM) 64-Bit Server VM (25.231-b11 mixed mode windows-amd64 compressed oops)
Heap:
 PSYoungGen      total 900608K, used 145923K [0x000000076b400000, 0x00000007a4800000, 0x00000007c0000000)
  eden space 894976K, 16% used [0x000000076b400000,0x0000000774280d48,0x00000007a1e00000)
  from space 5632K, 0% used [0x00000007a1e00000,0x00000007a1e00000,0x00000007a2380000)
  to   space 21504K, 0% used [0x00000007a3300000,0x00000007a3300000,0x00000007a4800000)
 ParOldGen       total 124928K, used 30297K [0x00000006c1c00000, 0x00000006c9600000, 0x000000076b400000)
  object space 124928K, 24% used [0x00000006c1c00000,0x00000006c3996608,0x00000006c9600000)
 Metaspace       used 91439K, capacity 97178K, committed 97448K, reserved 1134592K
  class space    used 11219K, capacity 12122K, committed 12208K, reserved 1048576K
GC Heap History (10 events):
Event: 2714.601 GC heap before
{Heap before GC invocations=22 (full 7):
 PSYoungGen      total 678400K, used 192K [0x000000076b400000, 0x00000007a4a00000, 0x00000007c0000000)
  eden space 656384K, 0% used [0x000000076b400000,0x000000076b400000,0x0000000793500000)
  from space 22016K, 0% used [0x0000000793500000,0x0000000793530000,0x0000000794a80000)
  to   space 22528K, 0% used [0x00000007a3400000,0x00000007a3400000,0x00000007a4a00000)
 ParOldGen       total 124928K, used 36797K [0x00000006c1c00000, 0x00000006c9600000, 0x000000076b400000)
  object space 124928K, 29% used [0x00000006c1c00000,0x00000006c3fef768,0x00000006c9600000)
 Metaspace       used 87084K, capacity 92300K, committed 92456K, reserved 1130496K
  class space    used 10921K, capacity 11762K, committed 11824K, reserved 1048576K
Event: 2714.765 GC heap after
Heap after GC invocations=22 (full 7):
 PSYoungGen      total 678400K, used 0K [0x000000076b400000, 0x00000007a4a00000, 0x00000007c0000000)
  eden space 656384K, 0% used [0x000000076b400000,0x000000076b400000,0x0000000793500000)
  from space 22016K, 0% used [0x0000000793500000,0x0000000793500000,0x0000000794a80000)
  to   space 22528K, 0% used [0x00000007a3400000,0x00000007a3400000,0x00000007a4a00000)
 ParOldGen       total 124928K, used 32590K [0x00000006c1c00000, 0x00000006c9600000, 0x000000076b400000)
  object space 124928K, 26% used [0x00000006c1c00000,0x00000006c3bd3a70,0x00000006c9600000)
 Metaspace       used 87082K, capacity 92294K, committed 92456K, reserved 1130496K
  class space    used 10921K, capacity 11760K, committed 11824K, reserved 1048576K
}
Event: 2771.017 GC heap before
{Heap before GC invocations=23 (full 7):
 PSYoungGen      total 678400K, used 462092K [0x000000076b400000, 0x00000007a4a00000, 0x00000007c0000000)
  eden space 656384K, 70% used [0x000000076b400000,0x0000000787743008,0x0000000793500000)
  from space 22016K, 0% used [0x0000000793500000,0x0000000793500000,0x0000000794a80000)
  to   space 22528K, 0% used [0x00000007a3400000,0x00000007a3400000,0x00000007a4a00000)
 ParOldGen       total 124928K, used 32590K [0x00000006c1c00000, 0x00000006c9600000, 0x000000076b400000)
  object space 124928K, 26% used [0x00000006c1c00000,0x00000006c3bd3a70,0x00000006c9600000)
 Metaspace       used 89096K, capacity 94648K, committed 94888K, reserved 1132544K
  class space    used 11064K, capacity 11926K, committed 11952K, reserved 1048576K
Event: 2771.025 GC heap after
Heap after GC invocations=23 (full 7):
 PSYoungGen      total 916480K, used 11299K [0x000000076b400000, 0x00000007a4900000, 0x00000007c0000000)
  eden space 894976K, 0% used [0x000000076b400000,0x000000076b400000,0x00000007a1e00000)
  from space 21504K, 52% used [0x00000007a3400000,0x00000007a3f08da0,0x00000007a4900000)
  to   space 22016K, 0% used [0x00000007a1e00000,0x00000007a1e00000,0x00000007a3380000)
 ParOldGen       total 124928K, used 32598K [0x00000006c1c00000, 0x00000006c9600000, 0x000000076b400000)
  object space 124928K, 26% used [0x00000006c1c00000,0x00000006c3bd5a70,0x00000006c9600000)
 Metaspace       used 89096K, capacity 94648K, committed 94888K, reserved 1132544K
  class space    used 11064K, capacity 11926K, committed 11952K, reserved 1048576K
}
Event: 2771.025 GC heap before
{Heap before GC invocations=24 (full 8):
 PSYoungGen      total 916480K, used 11299K [0x000000076b400000, 0x00000007a4900000, 0x00000007c0000000)
  eden space 894976K, 0% used [0x000000076b400000,0x000000076b400000,0x00000007a1e00000)
  from space 21504K, 52% used [0x00000007a3400000,0x00000007a3f08da0,0x00000007a4900000)
  to   space 22016K, 0% used [0x00000007a1e00000,0x00000007a1e00000,0x00000007a3380000)
 ParOldGen       total 124928K, used 32598K [0x00000006c1c00000, 0x00000006c9600000, 0x000000076b400000)
  object space 124928K, 26% used [0x00000006c1c00000,0x00000006c3bd5a70,0x00000006c9600000)
 Metaspace       used 89096K, capacity 94648K, committed 94888K, reserved 1132544K
  class space    used 11064K, capacity 11926K, committed 11952K, reserved 1048576K
Event: 2771.177 GC heap after
Heap after GC invocations=24 (full 8):
 PSYoungGen      total 916480K, used 0K [0x000000076b400000, 0x00000007a4900000, 0x00000007c0000000)
  eden space 894976K, 0% used [0x000000076b400000,0x000000076b400000,0x00000007a1e00000)
  from space 21504K, 0% used [0x00000007a3400000,0x00000007a3400000,0x00000007a4900000)
  to   space 22016K, 0% used [0x00000007a1e00000,0x00000007a1e00000,0x00000007a3380000)
 ParOldGen       total 124928K, used 35053K [0x00000006c1c00000, 0x00000006c9600000, 0x000000076b400000)
  object space 124928K, 28% used [0x00000006c1c00000,0x00000006c3e3b788,0x00000006c9600000)
 Metaspace       used 89093K, capacity 94642K, committed 94888K, reserved 1132544K
  class space    used 11063K, capacity 11924K, committed 11952K, reserved 1048576K
}
Event: 2822.018 GC heap before
{Heap before GC invocations=25 (full 8):
 PSYoungGen      total 916480K, used 403065K [0x000000076b400000, 0x00000007a4900000, 0x00000007c0000000)
  eden space 894976K, 45% used [0x000000076b400000,0x0000000783d9e438,0x00000007a1e00000)
  from space 21504K, 0% used [0x00000007a3400000,0x00000007a3400000,0x00000007a4900000)
  to   space 22016K, 0% used [0x00000007a1e00000,0x00000007a1e00000,0x00000007a3380000)
 ParOldGen       total 124928K, used 35053K [0x00000006c1c00000, 0x00000006c9600000, 0x000000076b400000)
  object space 124928K, 28% used [0x00000006c1c00000,0x00000006c3e3b788,0x00000006c9600000)
 Metaspace       used 90958K, capacity 96584K, committed 96808K, reserved 1134592K
  class space    used 11178K, capacity 12052K, committed 12080K, reserved 1048576K
Event: 2822.023 GC heap after
Heap after GC invocations=25 (full 8):
 PSYoungGen      total 900608K, used 5198K [0x000000076b400000, 0x00000007a4800000, 0x00000007c0000000)
  eden space 894976K, 0% used [0x000000076b400000,0x000000076b400000,0x00000007a1e00000)
  from space 5632K, 92% used [0x00000007a1e00000,0x00000007a2313a48,0x00000007a2380000)
  to   space 21504K, 0% used [0x00000007a3300000,0x00000007a3300000,0x00000007a4800000)
 ParOldGen       total 124928K, used 35061K [0x00000006c1c00000, 0x00000006c9600000, 0x000000076b400000)
  object space 124928K, 28% used [0x00000006c1c00000,0x00000006c3e3d788,0x00000006c9600000)
 Metaspace       used 90958K, capacity 96584K, committed 96808K, reserved 1134592K
  class space    used 11178K, capacity 12052K, committed 12080K, reserved 1048576K
}
Event: 2822.023 GC heap before
{Heap before GC invocations=26 (full 9):
 PSYoungGen      total 900608K, used 5198K [0x000000076b400000, 0x00000007a4800000, 0x00000007c0000000)
  eden space 894976K, 0% used [0x000000076b400000,0x000000076b400000,0x00000007a1e00000)
  from space 5632K, 92% used [0x00000007a1e00000,0x00000007a2313a48,0x00000007a2380000)
  to   space 21504K, 0% used [0x00000007a3300000,0x00000007a3300000,0x00000007a4800000)
 ParOldGen       total 124928K, used 35061K [0x00000006c1c00000, 0x00000006c9600000, 0x000000076b400000)
  object space 124928K, 28% used [0x00000006c1c00000,0x00000006c3e3d788,0x00000006c9600000)
 Metaspace       used 90958K, capacity 96584K, committed 96808K, reserved 1134592K
  class space    used 11178K, capacity 12052K, committed 12080K, reserved 1048576K
Event: 2822.189 GC heap after
Heap after GC invocations=26 (full 9):
 PSYoungGen      total 900608K, used 0K [0x000000076b400000, 0x00000007a4800000, 0x00000007c0000000)
  eden space 894976K, 0% used [0x000000076b400000,0x000000076b400000,0x00000007a1e00000)
  from space 5632K, 0% used [0x00000007a1e00000,0x00000007a1e00000,0x00000007a2380000)
  to   space 21504K, 0% used [0x00000007a3300000,0x00000007a3300000,0x00000007a4800000)
 ParOldGen       total 124928K, used 30297K [0x00000006c1c00000, 0x00000006c9600000, 0x000000076b400000)
  object space 124928K, 24% used [0x00000006c1c00000,0x00000006c3996608,0x00000006c9600000)
 Metaspace       used 90955K, capacity 96578K, committed 96808K, reserved 1134592K
  class space    used 11178K, capacity 12050K, committed 12080K, reserved 1048576K
}

