# JRE version: Java(TM) SE Runtime Environment (8.0_231-b11) (build 1.8.0_231-b11)
# Java VM: Java HotSpot(TM) 64-Bit Server VM (25.231-b11 mixed mode windows-amd64 compressed oops)
Heap:
 PSYoungGen      total 1189376K, used 5264K [0x000000076b400000, 0x00000007b4c80000, 0x00000007c0000000)
  eden space 1175040K, 0% used [0x000000076b400000,0x000000076b400000,0x00000007b2f80000)
  from space 14336K, 36% used [0x00000007b3e80000,0x00000007b43a4018,0x00000007b4c80000)
  to   space 14848K, 0% used [0x00000007b2f80000,0x00000007b2f80000,0x00000007b3e00000)
 ParOldGen       total 140288K, used 49520K [0x00000006c1c00000, 0x00000006ca500000, 0x000000076b400000)
  object space 140288K, 35% used [0x00000006c1c00000,0x00000006c4c5c150,0x00000006ca500000)
 Metaspace       used 136737K, capacity 146452K, committed 146600K, reserved 1179648K
  class space    used 14910K, capacity 16788K, committed 16816K, reserved 1048576K
GC Heap History (10 events):
Event: 12918.951 GC heap after
Heap after GC invocations=85 (full 37):
 PSYoungGen      total 1190400K, used 9849K [0x000000076b400000, 0x00000007b4d80000, 0x00000007c0000000)
  eden space 1175040K, 0% used [0x000000076b400000,0x000000076b400000,0x00000007b2f80000)
  from space 15360K, 64% used [0x00000007b3e80000,0x00000007b481e460,0x00000007b4d80000)
  to   space 15360K, 0% used [0x00000007b2f80000,0x00000007b2f80000,0x00000007b3e80000)
 ParOldGen       total 140288K, used 51847K [0x00000006c1c00000, 0x00000006ca500000, 0x000000076b400000)
  object space 140288K, 36% used [0x00000006c1c00000,0x00000006c4ea1ec8,0x00000006ca500000)
 Metaspace       used 132544K, capacity 142108K, committed 142376K, reserved 1175552K
  class space    used 14675K, capacity 16576K, committed 16688K, reserved 1048576K
}
Event: 12918.951 GC heap before
{Heap before GC invocations=86 (full 38):
 PSYoungGen      total 1190400K, used 9849K [0x000000076b400000, 0x00000007b4d80000, 0x00000007c0000000)
  eden space 1175040K, 0% used [0x000000076b400000,0x000000076b400000,0x00000007b2f80000)
  from space 15360K, 64% used [0x00000007b3e80000,0x00000007b481e460,0x00000007b4d80000)
  to   space 15360K, 0% used [0x00000007b2f80000,0x00000007b2f80000,0x00000007b3e80000)
 ParOldGen       total 140288K, used 51847K [0x00000006c1c00000, 0x00000006ca500000, 0x000000076b400000)
  object space 140288K, 36% used [0x00000006c1c00000,0x00000006c4ea1ec8,0x00000006ca500000)
 Metaspace       used 132544K, capacity 142108K, committed 142376K, reserved 1175552K
  class space    used 14675K, capacity 16576K, committed 16688K, reserved 1048576K
Event: 12919.192 GC heap after
Heap after GC invocations=86 (full 38):
 PSYoungGen      total 1190400K, used 0K [0x000000076b400000, 0x00000007b4d80000, 0x00000007c0000000)
  eden space 1175040K, 0% used [0x000000076b400000,0x000000076b400000,0x00000007b2f80000)
  from space 15360K, 0% used [0x00000007b3e80000,0x00000007b3e80000,0x00000007b4d80000)
  to   space 15360K, 0% used [0x00000007b2f80000,0x00000007b2f80000,0x00000007b3e80000)
 ParOldGen       total 140288K, used 52925K [0x00000006c1c00000, 0x00000006ca500000, 0x000000076b400000)
  object space 140288K, 37% used [0x00000006c1c00000,0x00000006c4faf4a0,0x00000006ca500000)
 Metaspace       used 132542K, capacity 142102K, committed 142376K, reserved 1175552K
  class space    used 14674K, capacity 16574K, committed 16688K, reserved 1048576K
}
Event: 12948.002 GC heap before
{Heap before GC invocations=87 (full 38):
 PSYoungGen      total 1190400K, used 437202K [0x000000076b400000, 0x00000007b4d80000, 0x00000007c0000000)
  eden space 1175040K, 37% used [0x000000076b400000,0x0000000785ef4b30,0x00000007b2f80000)
  from space 15360K, 0% used [0x00000007b3e80000,0x00000007b3e80000,0x00000007b4d80000)
  to   space 15360K, 0% used [0x00000007b2f80000,0x00000007b2f80000,0x00000007b3e80000)
 ParOldGen       total 140288K, used 52925K [0x00000006c1c00000, 0x00000006ca500000, 0x000000076b400000)
  object space 140288K, 37% used [0x00000006c1c00000,0x00000006c4faf4a0,0x00000006ca500000)
 Metaspace       used 135147K, capacity 144920K, committed 144936K, reserved 1177600K
  class space    used 14792K, capacity 16682K, committed 16688K, reserved 1048576K
Event: 12948.006 GC heap after
Heap after GC invocations=87 (full 38):
 PSYoungGen      total 1190400K, used 5294K [0x000000076b400000, 0x00000007b4d80000, 0x00000007c0000000)
  eden space 1175040K, 0% used [0x000000076b400000,0x000000076b400000,0x00000007b2f80000)
  from space 15360K, 34% used [0x00000007b2f80000,0x00000007b34aba48,0x00000007b3e80000)
  to   space 15360K, 0% used [0x00000007b3e80000,0x00000007b3e80000,0x00000007b4d80000)
 ParOldGen       total 140288K, used 52933K [0x00000006c1c00000, 0x00000006ca500000, 0x000000076b400000)
  object space 140288K, 37% used [0x00000006c1c00000,0x00000006c4fb14a0,0x00000006ca500000)
 Metaspace       used 135147K, capacity 144920K, committed 144936K, reserved 1177600K
  class space    used 14792K, capacity 16682K, committed 16688K, reserved 1048576K
}
Event: 12948.006 GC heap before
{Heap before GC invocations=88 (full 39):
 PSYoungGen      total 1190400K, used 5294K [0x000000076b400000, 0x00000007b4d80000, 0x00000007c0000000)
  eden space 1175040K, 0% used [0x000000076b400000,0x000000076b400000,0x00000007b2f80000)
  from space 15360K, 34% used [0x00000007b2f80000,0x00000007b34aba48,0x00000007b3e80000)
  to   space 15360K, 0% used [0x00000007b3e80000,0x00000007b3e80000,0x00000007b4d80000)
 ParOldGen       total 140288K, used 52933K [0x00000006c1c00000, 0x00000006ca500000, 0x000000076b400000)
  object space 140288K, 37% used [0x00000006c1c00000,0x00000006c4fb14a0,0x00000006ca500000)
 Metaspace       used 135147K, capacity 144920K, committed 144936K, reserved 1177600K
  class space    used 14792K, capacity 16682K, committed 16688K, reserved 1048576K
Event: 12948.235 GC heap after
Heap after GC invocations=88 (full 39):
 PSYoungGen      total 1190400K, used 0K [0x000000076b400000, 0x00000007b4d80000, 0x00000007c0000000)
  eden space 1175040K, 0% used [0x000000076b400000,0x000000076b400000,0x00000007b2f80000)
  from space 15360K, 0% used [0x00000007b2f80000,0x00000007b2f80000,0x00000007b3e80000)
  to   space 15360K, 0% used [0x00000007b3e80000,0x00000007b3e80000,0x00000007b4d80000)
 ParOldGen       total 140288K, used 49512K [0x00000006c1c00000, 0x00000006ca500000, 0x000000076b400000)
  object space 140288K, 35% used [0x00000006c1c00000,0x00000006c4c5a150,0x00000006ca500000)
 Metaspace       used 135144K, capacity 144914K, committed 144936K, reserved 1177600K
  class space    used 14791K, capacity 16680K, committed 16688K, reserved 1048576K
}
Event: 12965.730 GC heap before
{Heap before GC invocations=89 (full 39):
 PSYoungGen      total 1190400K, used 443070K [0x000000076b400000, 0x00000007b4d80000, 0x00000007c0000000)
  eden space 1175040K, 37% used [0x000000076b400000,0x00000007864af8b8,0x00000007b2f80000)
  from space 15360K, 0% used [0x00000007b2f80000,0x00000007b2f80000,0x00000007b3e80000)
  to   space 15360K, 0% used [0x00000007b3e80000,0x00000007b3e80000,0x00000007b4d80000)
 ParOldGen       total 140288K, used 49512K [0x00000006c1c00000, 0x00000006ca500000, 0x000000076b400000)
  object space 140288K, 35% used [0x00000006c1c00000,0x00000006c4c5a150,0x00000006ca500000)
 Metaspace       used 136737K, capacity 146452K, committed 146600K, reserved 1179648K
  class space    used 14910K, capacity 16788K, committed 16816K, reserved 1048576K
Event: 12965.735 GC heap after
Heap after GC invocations=89 (full 39):
 PSYoungGen      total 1189376K, used 5264K [0x000000076b400000, 0x00000007b4c80000, 0x00000007c0000000)
  eden space 1175040K, 0% used [0x000000076b400000,0x000000076b400000,0x00000007b2f80000)
  from space 14336K, 36% used [0x00000007b3e80000,0x00000007b43a4018,0x00000007b4c80000)
  to   space 14848K, 0% used [0x00000007b2f80000,0x00000007b2f80000,0x00000007b3e00000)
 ParOldGen       total 140288K, used 49520K [0x00000006c1c00000, 0x00000006ca500000, 0x000000076b400000)
  object space 140288K, 35% used [0x00000006c1c00000,0x00000006c4c5c150,0x00000006ca500000)
 Metaspace       used 136737K, capacity 146452K, committed 146600K, reserved 1179648K
  class space    used 14910K, capacity 16788K, committed 16816K, reserved 1048576K
}
Event: 12965.735 GC heap before
{Heap before GC invocations=90 (full 40):
 PSYoungGen      total 1189376K, used 5264K [0x000000076b400000, 0x00000007b4c80000, 0x00000007c0000000)
  eden space 1175040K, 0% used [0x000000076b400000,0x000000076b400000,0x00000007b2f80000)
  from space 14336K, 36% used [0x00000007b3e80000,0x00000007b43a4018,0x00000007b4c80000)
  to   space 14848K, 0% used [0x00000007b2f80000,0x00000007b2f80000,0x00000007b3e00000)
 ParOldGen       total 140288K, used 49520K [0x00000006c1c00000, 0x00000006ca500000, 0x000000076b400000)
  object space 140288K, 35% used [0x00000006c1c00000,0x00000006c4c5c150,0x00000006ca500000)
 Metaspace       used 136737K, capacity 146452K, committed 146600K, reserved 1179648K
  class space    used 14910K, capacity 16788K, committed 16816K, reserved 1048576K

