# JRE version: Java(TM) SE Runtime Environment (8.0_231-b11) (build 1.8.0_231-b11)
# Java VM: Java HotSpot(TM) 64-Bit Server VM (25.231-b11 mixed mode windows-amd64 compressed oops)
Heap:
 PSYoungGen      total 533504K, used 195950K [0x000000076b400000, 0x000000078d780000, 0x00000007c0000000)
  eden space 516608K, 34% used [0x000000076b400000,0x00000007762e35e8,0x000000078ac80000)
  from space 16896K, 99% used [0x000000078c700000,0x000000078d778450,0x000000078d780000)
  to   space 20480K, 0% used [0x000000078af80000,0x000000078af80000,0x000000078c380000)
 ParOldGen       total 163328K, used 29647K [0x00000006c1c00000, 0x00000006cbb80000, 0x000000076b400000)
  object space 163328K, 18% used [0x00000006c1c00000,0x00000006c38f3d28,0x00000006cbb80000)
 Metaspace       used 77595K, capacity 81696K, committed 81944K, reserved 1120256K
  class space    used 10306K, capacity 11001K, committed 11056K, reserved 1048576K
GC Heap History (10 events):
Event: 4.885 GC heap before
{Heap before GC invocations=9 (full 2):
 PSYoungGen      total 268800K, used 9211K [0x000000076b400000, 0x0000000784e80000, 0x00000007c0000000)
  eden space 259584K, 0% used [0x000000076b400000,0x000000076b400000,0x000000077b180000)
  from space 9216K, 99% used [0x000000077b180000,0x000000077ba7ec00,0x000000077ba80000)
  to   space 12288K, 0% used [0x0000000784280000,0x0000000784280000,0x0000000784e80000)
 ParOldGen       total 84992K, used 9461K [0x00000006c1c00000, 0x00000006c6f00000, 0x000000076b400000)
  object space 84992K, 11% used [0x00000006c1c00000,0x00000006c253d428,0x00000006c6f00000)
 Metaspace       used 33376K, capacity 35418K, committed 35496K, reserved 1079296K
  class space    used 4315K, capacity 4727K, committed 4784K, reserved 1048576K
Event: 4.939 GC heap after
Heap after GC invocations=9 (full 2):
 PSYoungGen      total 268800K, used 0K [0x000000076b400000, 0x0000000784e80000, 0x00000007c0000000)
  eden space 259584K, 0% used [0x000000076b400000,0x000000076b400000,0x000000077b180000)
  from space 9216K, 0% used [0x000000077b180000,0x000000077b180000,0x000000077ba80000)
  to   space 12288K, 0% used [0x0000000784280000,0x0000000784280000,0x0000000784e80000)
 ParOldGen       total 125952K, used 17008K [0x00000006c1c00000, 0x00000006c9700000, 0x000000076b400000)
  object space 125952K, 13% used [0x00000006c1c00000,0x00000006c2c9c268,0x00000006c9700000)
 Metaspace       used 33376K, capacity 35418K, committed 35496K, reserved 1079296K
  class space    used 4315K, capacity 4727K, committed 4784K, reserved 1048576K
}
Event: 8.085 GC heap before
{Heap before GC invocations=10 (full 2):
 PSYoungGen      total 268800K, used 259584K [0x000000076b400000, 0x0000000784e80000, 0x00000007c0000000)
  eden space 259584K, 100% used [0x000000076b400000,0x000000077b180000,0x000000077b180000)
  from space 9216K, 0% used [0x000000077b180000,0x000000077b180000,0x000000077ba80000)
  to   space 12288K, 0% used [0x0000000784280000,0x0000000784280000,0x0000000784e80000)
 ParOldGen       total 125952K, used 17008K [0x00000006c1c00000, 0x00000006c9700000, 0x000000076b400000)
  object space 125952K, 13% used [0x00000006c1c00000,0x00000006c2c9c268,0x00000006c9700000)
 Metaspace       used 45978K, capacity 48342K, committed 48680K, reserved 1091584K
  class space    used 5896K, capacity 6328K, committed 6448K, reserved 1048576K
Event: 8.099 GC heap after
Heap after GC invocations=10 (full 2):
 PSYoungGen      total 406016K, used 12287K [0x000000076b400000, 0x0000000786680000, 0x00000007c0000000)
  eden space 393728K, 0% used [0x000000076b400000,0x000000076b400000,0x0000000783480000)
  from space 12288K, 99% used [0x0000000784280000,0x0000000784e7fde8,0x0000000784e80000)
  to   space 14336K, 0% used [0x0000000783480000,0x0000000783480000,0x0000000784280000)
 ParOldGen       total 125952K, used 18827K [0x00000006c1c00000, 0x00000006c9700000, 0x000000076b400000)
  object space 125952K, 14% used [0x00000006c1c00000,0x00000006c2e62f18,0x00000006c9700000)
 Metaspace       used 45978K, capacity 48342K, committed 48680K, reserved 1091584K
  class space    used 5896K, capacity 6328K, committed 6448K, reserved 1048576K
}
Event: 9.372 GC heap before
{Heap before GC invocations=11 (full 2):
 PSYoungGen      total 406016K, used 167080K [0x000000076b400000, 0x0000000786680000, 0x00000007c0000000)
  eden space 393728K, 39% used [0x000000076b400000,0x0000000774b2a2c8,0x0000000783480000)
  from space 12288K, 99% used [0x0000000784280000,0x0000000784e7fde8,0x0000000784e80000)
  to   space 14336K, 0% used [0x0000000783480000,0x0000000783480000,0x0000000784280000)
 ParOldGen       total 125952K, used 18827K [0x00000006c1c00000, 0x00000006c9700000, 0x000000076b400000)
  object space 125952K, 14% used [0x00000006c1c00000,0x00000006c2e62f18,0x00000006c9700000)
 Metaspace       used 56392K, capacity 58878K, committed 59160K, reserved 1099776K
  class space    used 7534K, capacity 7964K, committed 7984K, reserved 1048576K
Event: 9.386 GC heap after
Heap after GC invocations=11 (full 2):
 PSYoungGen      total 408064K, used 14305K [0x000000076b400000, 0x000000078d780000, 0x00000007c0000000)
  eden space 393728K, 0% used [0x000000076b400000,0x000000076b400000,0x0000000783480000)
  from space 14336K, 99% used [0x0000000783480000,0x0000000784278768,0x0000000784280000)
  to   space 16896K, 0% used [0x000000078c700000,0x000000078c700000,0x000000078d780000)
 ParOldGen       total 125952K, used 20195K [0x00000006c1c00000, 0x00000006c9700000, 0x000000076b400000)
  object space 125952K, 16% used [0x00000006c1c00000,0x00000006c2fb8f90,0x00000006c9700000)
 Metaspace       used 56392K, capacity 58878K, committed 59160K, reserved 1099776K
  class space    used 7534K, capacity 7964K, committed 7984K, reserved 1048576K
}
Event: 9.386 GC heap before
{Heap before GC invocations=12 (full 3):
 PSYoungGen      total 408064K, used 14305K [0x000000076b400000, 0x000000078d780000, 0x00000007c0000000)
  eden space 393728K, 0% used [0x000000076b400000,0x000000076b400000,0x0000000783480000)
  from space 14336K, 99% used [0x0000000783480000,0x0000000784278768,0x0000000784280000)
  to   space 16896K, 0% used [0x000000078c700000,0x000000078c700000,0x000000078d780000)
 ParOldGen       total 125952K, used 20195K [0x00000006c1c00000, 0x00000006c9700000, 0x000000076b400000)
  object space 125952K, 16% used [0x00000006c1c00000,0x00000006c2fb8f90,0x00000006c9700000)
 Metaspace       used 56392K, capacity 58878K, committed 59160K, reserved 1099776K
  class space    used 7534K, capacity 7964K, committed 7984K, reserved 1048576K
Event: 9.462 GC heap after
Heap after GC invocations=12 (full 3):
 PSYoungGen      total 408064K, used 0K [0x000000076b400000, 0x000000078d780000, 0x00000007c0000000)
  eden space 393728K, 0% used [0x000000076b400000,0x000000076b400000,0x0000000783480000)
  from space 14336K, 0% used [0x0000000783480000,0x0000000783480000,0x0000000784280000)
  to   space 16896K, 0% used [0x000000078c700000,0x000000078c700000,0x000000078d780000)
 ParOldGen       total 163328K, used 25800K [0x00000006c1c00000, 0x00000006cbb80000, 0x000000076b400000)
  object space 163328K, 15% used [0x00000006c1c00000,0x00000006c35323d0,0x00000006cbb80000)
 Metaspace       used 56392K, capacity 58878K, committed 59160K, reserved 1099776K
  class space    used 7534K, capacity 7964K, committed 7984K, reserved 1048576K
}
Event: 12.312 GC heap before
{Heap before GC invocations=13 (full 3):
 PSYoungGen      total 408064K, used 393728K [0x000000076b400000, 0x000000078d780000, 0x00000007c0000000)
  eden space 393728K, 100% used [0x000000076b400000,0x0000000783480000,0x0000000783480000)
  from space 14336K, 0% used [0x0000000783480000,0x0000000783480000,0x0000000784280000)
  to   space 16896K, 0% used [0x000000078c700000,0x000000078c700000,0x000000078d780000)
 ParOldGen       total 163328K, used 25800K [0x00000006c1c00000, 0x00000006cbb80000, 0x000000076b400000)
  object space 163328K, 15% used [0x00000006c1c00000,0x00000006c35323d0,0x00000006cbb80000)
 Metaspace       used 70252K, capacity 74022K, committed 74264K, reserved 1114112K
  class space    used 9380K, capacity 9974K, committed 10032K, reserved 1048576K
Event: 12.334 GC heap after
Heap after GC invocations=13 (full 3):
 PSYoungGen      total 533504K, used 16865K [0x000000076b400000, 0x000000078d780000, 0x00000007c0000000)
  eden space 516608K, 0% used [0x000000076b400000,0x000000076b400000,0x000000078ac80000)
  from space 16896K, 99% used [0x000000078c700000,0x000000078d778450,0x000000078d780000)
  to   space 20480K, 0% used [0x000000078af80000,0x000000078af80000,0x000000078c380000)
 ParOldGen       total 163328K, used 29647K [0x00000006c1c00000, 0x00000006cbb80000, 0x000000076b400000)
  object space 163328K, 18% used [0x00000006c1c00000,0x00000006c38f3d28,0x00000006cbb80000)
 Metaspace       used 70252K, capacity 74022K, committed 74264K, reserved 1114112K
  class space    used 9380K, capacity 9974K, committed 10032K, reserved 1048576K
}

